# JRE version: Java(TM) SE Runtime Environment (8.0_45-b15) (build 1.8.0_45-b15)
# Java VM: Java HotSpot(TM) 64-Bit Server VM (25.45-b02 mixed mode windows-amd64 compressed oops)
Heap:
 PSYoungGen      total 201728K, used 66006K [0x00000000eab00000, 0x00000000f9800000, 0x0000000100000000)
  eden space 175616K, 22% used [0x00000000eab00000,0x00000000ed26b440,0x00000000f5680000)
  from space 26112K, 98% used [0x00000000f7e80000,0x00000000f978a3f8,0x00000000f9800000)
  to   space 33280K, 0% used [0x00000000f5700000,0x00000000f5700000,0x00000000f7780000)
 ParOldGen       total 69632K, used 45892K [0x00000000c0000000, 0x00000000c4400000, 0x00000000eab00000)
  object space 69632K, 65% used [0x00000000c0000000,0x00000000c2cd1180,0x00000000c4400000)
 Metaspace       used 7474K, capacity 7896K, committed 8192K, reserved 1056768K
  class space    used 692K, capacity 720K, committed 768K, reserved 1048576K
GC Heap History (10 events):
Event: 21.240 GC heap before
{Heap before GC invocations=7 (full 0):
 PSYoungGen      total 70144K, used 68641K [0x00000000eab00000, 0x00000000efc00000, 0x0000000100000000)
  eden space 60416K, 100% used [0x00000000eab00000,0x00000000ee600000,0x00000000ee600000)
  from space 9728K, 84% used [0x00000000ef080000,0x00000000ef8886d8,0x00000000efa00000)
  to   space 10752K, 0% used [0x00000000ee600000,0x00000000ee600000,0x00000000ef080000)
 ParOldGen       total 40960K, used 13434K [0x00000000c0000000, 0x00000000c2800000, 0x00000000eab00000)
  object space 40960K, 32% used [0x00000000c0000000,0x00000000c0d1ea80,0x00000000c2800000)
 Metaspace       used 6290K, capacity 7152K, committed 7296K, reserved 1056768K
  class space    used 592K, capacity 616K, committed 640K, reserved 1048576K
Event: 21.453 GC heap after
Heap after GC invocations=7 (full 0):
 PSYoungGen      total 71168K, used 10732K [0x00000000eab00000, 0x00000000f4100000, 0x0000000100000000)
  eden space 60416K, 0% used [0x00000000eab00000,0x00000000eab00000,0x00000000ee600000)
  from space 10752K, 99% used [0x00000000ee600000,0x00000000ef07b3d0,0x00000000ef080000)
  to   space 16384K, 0% used [0x00000000f3100000,0x00000000f3100000,0x00000000f4100000)
 ParOldGen       total 40960K, used 20352K [0x00000000c0000000, 0x00000000c2800000, 0x00000000eab00000)
  object space 40960K, 49% used [0x00000000c0000000,0x00000000c13e0348,0x00000000c2800000)
 Metaspace       used 6290K, capacity 7152K, committed 7296K, reserved 1056768K
  class space    used 592K, capacity 616K, committed 640K, reserved 1048576K
}
Event: 22.711 GC heap before
{Heap before GC invocations=8 (full 0):
 PSYoungGen      total 71168K, used 71148K [0x00000000eab00000, 0x00000000f4100000, 0x0000000100000000)
  eden space 60416K, 100% used [0x00000000eab00000,0x00000000ee600000,0x00000000ee600000)
  from space 10752K, 99% used [0x00000000ee600000,0x00000000ef07b3d0,0x00000000ef080000)
  to   space 16384K, 0% used [0x00000000f3100000,0x00000000f3100000,0x00000000f4100000)
 ParOldGen       total 40960K, used 20352K [0x00000000c0000000, 0x00000000c2800000, 0x00000000eab00000)
  object space 40960K, 49% used [0x00000000c0000000,0x00000000c13e0348,0x00000000c2800000)
 Metaspace       used 6352K, capacity 7216K, committed 7296K, reserved 1056768K
  class space    used 592K, capacity 616K, committed 640K, reserved 1048576K
Event: 23.082 GC heap after
Heap after GC invocations=8 (full 0):
 PSYoungGen      total 132608K, used 16355K [0x00000000eab00000, 0x00000000f4a00000, 0x0000000100000000)
  eden space 116224K, 0% used [0x00000000eab00000,0x00000000eab00000,0x00000000f1c80000)
  from space 16384K, 99% used [0x00000000f3100000,0x00000000f40f8f88,0x00000000f4100000)
  to   space 20992K, 0% used [0x00000000f1c80000,0x00000000f1c80000,0x00000000f3100000)
 ParOldGen       total 40960K, used 25109K [0x00000000c0000000, 0x00000000c2800000, 0x00000000eab00000)
  object space 40960K, 61% used [0x00000000c0000000,0x00000000c1885550,0x00000000c2800000)
 Metaspace       used 6352K, capacity 7216K, committed 7296K, reserved 1056768K
  class space    used 592K, capacity 616K, committed 640K, reserved 1048576K
}
Event: 27.815 GC heap before
{Heap before GC invocations=9 (full 0):
 PSYoungGen      total 132608K, used 132579K [0x00000000eab00000, 0x00000000f4a00000, 0x0000000100000000)
  eden space 116224K, 100% used [0x00000000eab00000,0x00000000f1c80000,0x00000000f1c80000)
  from space 16384K, 99% used [0x00000000f3100000,0x00000000f40f8f88,0x00000000f4100000)
  to   space 20992K, 0% used [0x00000000f1c80000,0x00000000f1c80000,0x00000000f3100000)
 ParOldGen       total 40960K, used 25109K [0x00000000c0000000, 0x00000000c2800000, 0x00000000eab00000)
  object space 40960K, 61% used [0x00000000c0000000,0x00000000c1885550,0x00000000c2800000)
 Metaspace       used 6463K, capacity 7224K, committed 7296K, reserved 1056768K
  class space    used 612K, capacity 624K, committed 640K, reserved 1048576K
Event: 27.879 GC heap after
Heap after GC invocations=9 (full 0):
 PSYoungGen      total 137216K, used 20960K [0x00000000eab00000, 0x00000000f9c00000, 0x0000000100000000)
  eden space 116224K, 0% used [0x00000000eab00000,0x00000000eab00000,0x00000000f1c80000)
  from space 20992K, 99% used [0x00000000f1c80000,0x00000000f30f8310,0x00000000f3100000)
  to   space 30208K, 0% used [0x00000000f7e80000,0x00000000f7e80000,0x00000000f9c00000)
 ParOldGen       total 40960K, used 38069K [0x00000000c0000000, 0x00000000c2800000, 0x00000000eab00000)
  object space 40960K, 92% used [0x00000000c0000000,0x00000000c252d740,0x00000000c2800000)
 Metaspace       used 6463K, capacity 7224K, committed 7296K, reserved 1056768K
  class space    used 612K, capacity 624K, committed 640K, reserved 1048576K
}
Event: 27.879 GC heap before
{Heap before GC invocations=10 (full 1):
 PSYoungGen      total 137216K, used 20960K [0x00000000eab00000, 0x00000000f9c00000, 0x0000000100000000)
  eden space 116224K, 0% used [0x00000000eab00000,0x00000000eab00000,0x00000000f1c80000)
  from space 20992K, 99% used [0x00000000f1c80000,0x00000000f30f8310,0x00000000f3100000)
  to   space 30208K, 0% used [0x00000000f7e80000,0x00000000f7e80000,0x00000000f9c00000)
 ParOldGen       total 40960K, used 38069K [0x00000000c0000000, 0x00000000c2800000, 0x00000000eab00000)
  object space 40960K, 92% used [0x00000000c0000000,0x00000000c252d740,0x00000000c2800000)
 Metaspace       used 6463K, capacity 7224K, committed 7296K, reserved 1056768K
  class space    used 612K, capacity 624K, committed 640K, reserved 1048576K
Event: 28.396 GC heap after
Heap after GC invocations=10 (full 1):
 PSYoungGen      total 137216K, used 13256K [0x00000000eab00000, 0x00000000f9c00000, 0x0000000100000000)
  eden space 116224K, 0% used [0x00000000eab00000,0x00000000eab00000,0x00000000f1c80000)
  from space 20992K, 63% used [0x00000000f1c80000,0x00000000f2972008,0x00000000f3100000)
  to   space 30208K, 0% used [0x00000000f7e80000,0x00000000f7e80000,0x00000000f9c00000)
 ParOldGen       total 69632K, used 40460K [0x00000000c0000000, 0x00000000c4400000, 0x00000000eab00000)
  object space 69632K, 58% used [0x00000000c0000000,0x00000000c2783180,0x00000000c4400000)
 Metaspace       used 6463K, capacity 7224K, committed 7296K, reserved 1056768K
  class space    used 612K, capacity 624K, committed 640K, reserved 1048576K
}
Event: 30.203 GC heap before
{Heap before GC invocations=11 (full 1):
 PSYoungGen      total 137216K, used 129480K [0x00000000eab00000, 0x00000000f9c00000, 0x0000000100000000)
  eden space 116224K, 100% used [0x00000000eab00000,0x00000000f1c80000,0x00000000f1c80000)
  from space 20992K, 63% used [0x00000000f1c80000,0x00000000f2972008,0x00000000f3100000)
  to   space 30208K, 0% used [0x00000000f7e80000,0x00000000f7e80000,0x00000000f9c00000)
 ParOldGen       total 69632K, used 40460K [0x00000000c0000000, 0x00000000c4400000, 0x00000000eab00000)
  object space 69632K, 58% used [0x00000000c0000000,0x00000000c2783180,0x00000000c4400000)
 Metaspace       used 6479K, capacity 7224K, committed 7296K, reserved 1056768K
  class space    used 612K, capacity 624K, committed 640K, reserved 1048576K
Event: 30.271 GC heap after
Heap after GC invocations=11 (full 1):
 PSYoungGen      total 201728K, used 25640K [0x00000000eab00000, 0x00000000f9800000, 0x0000000100000000)
  eden space 175616K, 0% used [0x00000000eab00000,0x00000000eab00000,0x00000000f5680000)
  from space 26112K, 98% used [0x00000000f7e80000,0x00000000f978a3f8,0x00000000f9800000)
  to   space 33280K, 0% used [0x00000000f5700000,0x00000000f5700000,0x00000000f7780000)
 ParOldGen       total 69632K, used 45892K [0x00000000c0000000, 0x00000000c4400000, 0x00000000eab00000)
  object space 69632K, 65% used [0x00000000c0000000,0x00000000c2cd1180,0x00000000c4400000)
 Metaspace       used 6479K, capacity 7224K, committed 7296K, reserved 1056768K
  class space    used 612K, capacity 624K, committed 640K, reserved 1048576K
}

